140x140

------[GEAR]------
..5
8*.

PN1 = 501
PN2 = 948
...

ratio: 474948
-------------------

------[GEAR]------
...
.*.
8..

ratio: 408
-------------------

------[GEAR]------
..1
3*.

PN1 = 161
PN2 = 633
...

ratio: 101913
-------------------

------[GEAR]------
.68
.*.
9..

PN1 = 683
PN2 = 659

ratio: 450097
-------------------

------[GEAR]------
...
.*9
...

ratio: 990
-------------------

------[GEAR]------
80.
.*.
67.

PN1 = 980
PN2 = 767

ratio: 751660
-------------------

------[GEAR]------
.49
.*.
3..

PN1 = 491
PN2 = 363

ratio: 178233
-------------------

------[GEAR]------
.84
.*.
..9

PN1 = 842
PN2 = 961

ratio: 809162
-------------------

------[GEAR]------
38.
.*.
6..

PN1 = 338
PN2 = 406

ratio: 137228
-------------------

------[GEAR]------
09.
.*.
..4

PN1 = 309
PN2 = 479

ratio: 148011
-------------------

------[GEAR]------
452
.*.
58.

PN1 = 452
PN2 = 458

ratio: 207016
-------------------

------[GEAR]------
...
8*2

PN1 = 508
PN2 = 223
...

ratio: 113284
-------------------

------[GEAR]------
...
.*.
8.8

PN1 = 158
PN2 = 850

ratio: 134300
-------------------

------[GEAR]------
..6
.*.
74.

PN1 = 690
PN2 = 874

ratio: 603060
-------------------

------[GEAR]------
...
0*7

PN1 = 10
PN2 = 790
...

ratio: 7900
-------------------

------[GEAR]------
679
.*.
706

PN1 = 679
PN2 = 706

ratio: 479374
-------------------

------[GEAR]------
..6
4*.

PN1 = 665
PN2 = 154
...

ratio: 102410
-------------------

------[GEAR]------
...
1*.
..3

PN1 = 1
PN2 = 379

ratio: 379
-------------------

------[GEAR]------
...
1*.
..6

PN1 = 731
PN2 = 668

ratio: 488308
-------------------

------[GEAR]------
5..
.*2

PN1 = 855
PN2 = 204
...

ratio: 174420
-------------------

------[GEAR]------
...
.*.
8.1

PN1 = 398
PN2 = 190

ratio: 75620
-------------------

------[GEAR]------
4..
.*1

PN1 = 4
PN2 = 149
...

ratio: 596
-------------------

------[GEAR]------
3..
.*4

PN1 = 783
PN2 = 423
...

ratio: 331209
-------------------

------[GEAR]------
919
.*.
43.

PN1 = 919
PN2 = 543

ratio: 499017
-------------------

------[GEAR]------
.51
.*.
17.

PN1 = 519
PN2 = 17

ratio: 8823
-------------------

------[GEAR]------
...
5*3

PN1 = 455
PN2 = 308
...

ratio: 140140
-------------------

------[GEAR]------
...
8*7

PN1 = 138
PN2 = 755
...

ratio: 104190
-------------------

------[GEAR]------
..8
.*.
.82

PN1 = 834
PN2 = 826

ratio: 688884
-------------------

------[GEAR]------
1..
.*.
..4

PN1 = 511
PN2 = 480

ratio: 245280
-------------------

------[GEAR]------
315
.*.
230

PN1 = 315
PN2 = 230

ratio: 72450
-------------------

------[GEAR]------
...
.*6
...

ratio: 654
-------------------

------[GEAR]------
...
7*.
...

ratio: 347
-------------------

------[GEAR]------
952
.*.
..6

PN1 = 952
PN2 = 600

ratio: 571200
-------------------

------[GEAR]------
.74
.*.
.99

PN1 = 741
PN2 = 99

ratio: 73359
-------------------

------[GEAR]------
830
.*.
145

PN1 = 830
PN2 = 145

ratio: 120350
-------------------

------[GEAR]------
968
.*.
710

PN1 = 968
PN2 = 710

ratio: 687280
-------------------

------[GEAR]------
..3
.*.
.84

PN1 = 319
PN2 = 842

ratio: 268598
-------------------

------[GEAR]------
76.
.*.
.77

PN1 = 876
PN2 = 774

ratio: 678024
-------------------

------[GEAR]------
2..
.*5

PN1 = 772
PN2 = 561
...

ratio: 433092
-------------------

------[GEAR]------
..7
.*.
65.

PN1 = 785
PN2 = 165

ratio: 129525
-------------------

------[GEAR]------
133
.*.
..9

PN1 = 133
PN2 = 968

ratio: 128744
-------------------

------[GEAR]------
...
.*.
7.8

PN1 = 497
PN2 = 833

ratio: 414001
-------------------

------[GEAR]------
2..
.*.
08.

PN1 = 642
PN2 = 408

ratio: 261936
-------------------

------[GEAR]------
8..
.*9

PN1 = 8
PN2 = 978
...

ratio: 7824
-------------------

------[GEAR]------
1..
.*.
07.

PN1 = 471
PN2 = 207

ratio: 97497
-------------------

------[GEAR]------
..7
7*.

PN1 = 76
PN2 = 197
...

ratio: 14972
-------------------

------[GEAR]------
..6
.*.
..6

PN1 = 666
PN2 = 628

ratio: 418248
-------------------

------[GEAR]------
.42
.*.
..5

PN1 = 42
PN2 = 583

ratio: 24486
-------------------

------[GEAR]------
.75
.*.
..7

PN1 = 758
PN2 = 775

ratio: 587450
-------------------

------[GEAR]------
3..
.*.
28.

PN1 = 433
PN2 = 128

ratio: 55424
-------------------

------[GEAR]------
6.8

PN1 = 646
PN2 = 834
.*.
...

ratio: 538764
-------------------

------[GEAR]------
43.
.*.
85.

PN1 = 543
PN2 = 385

ratio: 209055
-------------------

------[GEAR]------
41.
.*.
586

PN1 = 341
PN2 = 586

ratio: 199826
-------------------

------[GEAR]------
.74
.*.
212

PN1 = 74
PN2 = 212

ratio: 15688
-------------------

------[GEAR]------
...
.*1
8..

PN1 = 177
PN2 = 418

ratio: 73986
-------------------

------[GEAR]------
278
.*.
4..

PN1 = 278
PN2 = 484

ratio: 134552
-------------------

------[GEAR]------
..1
.*.
.64

PN1 = 126
PN2 = 643

ratio: 81018
-------------------

------[GEAR]------
590
.*.
48.

PN1 = 590
PN2 = 748

ratio: 441320
-------------------

------[GEAR]------
..4
.*.
6..

PN1 = 433
PN2 = 46

ratio: 19918
-------------------

------[GEAR]------
526
.*.
66.

PN1 = 526
PN2 = 66

ratio: 34716
-------------------

------[GEAR]------
...
.*7
7..

PN1 = 745
PN2 = 87

ratio: 64815
-------------------

------[GEAR]------
..7
.*.
8..

PN1 = 701
PN2 = 218

ratio: 152818
-------------------

------[GEAR]------
4..
.*.
.24

PN1 = 414
PN2 = 241

ratio: 99774
-------------------

------[GEAR]------
3..
.*.
..2

PN1 = 493
PN2 = 257

ratio: 126701
-------------------

------[GEAR]------
566
.*.
.31

PN1 = 566
PN2 = 312

ratio: 176592
-------------------

------[GEAR]------
..7
4*.

PN1 = 792
PN2 = 854
...

ratio: 676368
-------------------

------[GEAR]------
...
.*2
...

ratio: 276
-------------------

------[GEAR]------
..1
.*.
..5

PN1 = 184
PN2 = 571

ratio: 105064
-------------------

------[GEAR]------
...
6*7

PN1 = 136
PN2 = 755
...

ratio: 102680
-------------------

------[GEAR]------
2..
.*6

PN1 = 432
PN2 = 668
...

ratio: 288576
-------------------

------[GEAR]------
...
8*.
..2

PN1 = 918
PN2 = 281

ratio: 257958
-------------------

------[GEAR]------
.95
.*.
.6.

PN1 = 950
PN2 = 6

ratio: 5700
-------------------

------[GEAR]------
...
.*4
5..

PN1 = 496
PN2 = 955

ratio: 473680
-------------------

------[GEAR]------
.81
.*.
6..

PN1 = 812
PN2 = 506

ratio: 410872
-------------------

------[GEAR]------
...
2*1

PN1 = 712
PN2 = 12
...

ratio: 8544
-------------------

------[GEAR]------
..6
.*.
91.

PN1 = 667
PN2 = 391

ratio: 260797
-------------------

------[GEAR]------
...
.*5
...

ratio: 565
-------------------

------[GEAR]------
4.4

PN1 = 544
PN2 = 436
.*.
...

ratio: 237184
-------------------

------[GEAR]------
..3
.*.
06.

PN1 = 377
PN2 = 406

ratio: 153062
-------------------

------[GEAR]------
29.
.*.
..2

PN1 = 229
PN2 = 251

ratio: 57479
-------------------

------[GEAR]------
449
.*.
.90

PN1 = 449
PN2 = 905

ratio: 406345
-------------------

------[GEAR]------
5..
.*.
7..

PN1 = 665
PN2 = 747

ratio: 496755
-------------------

------[GEAR]------
.87
.*.
.39

PN1 = 874
PN2 = 399

ratio: 348726
-------------------

------[GEAR]------
..9
.*.
283

PN1 = 9
PN2 = 283

ratio: 2547
-------------------

------[GEAR]------
...
.*.
47.

ratio: 447
-------------------

------[GEAR]------
...
4*1

PN1 = 124
PN2 = 102
...

ratio: 12648
-------------------

------[GEAR]------
..3
.*.
614

PN1 = 390
PN2 = 614

ratio: 239460
-------------------

------[GEAR]------
..8
.*.
.23

PN1 = 845
PN2 = 237

ratio: 200265
-------------------

------[GEAR]------
2..
.*.
2..

PN1 = 12
PN2 = 512

ratio: 6144
-------------------

------[GEAR]------
2..
.*.
..8

PN1 = 92
PN2 = 885

ratio: 81420
-------------------

------[GEAR]------
8..
.*.
.67

PN1 = 948
PN2 = 674

ratio: 638952
-------------------

------[GEAR]------
8.5

PN1 = 108
PN2 = 58
.*.
...

ratio: 6264
-------------------

------[GEAR]------
..1
.*.
.81

PN1 = 162
PN2 = 81

ratio: 13122
-------------------

------[GEAR]------
..3
.*.
..9

PN1 = 395
PN2 = 922

ratio: 364190
-------------------

------[GEAR]------
..1
.*.
887

PN1 = 10
PN2 = 887

ratio: 8870
-------------------

------[GEAR]------
..1
.*.
...

ratio: 101
-------------------

------[GEAR]------
..4
.*.
.93

PN1 = 427
PN2 = 933

ratio: 398391
-------------------

------[GEAR]------
210
.*.
29.

PN1 = 210
PN2 = 629

ratio: 132090
-------------------

------[GEAR]------
1.9

PN1 = 371
PN2 = 903
.*.
...

ratio: 335013
-------------------

------[GEAR]------
.23
.*.
78.

PN1 = 231
PN2 = 178

ratio: 41118
-------------------

------[GEAR]------
.34
.*.
.74

PN1 = 346
PN2 = 749

ratio: 259154
-------------------

------[GEAR]------
25.
.*.
3..

PN1 = 525
PN2 = 993

ratio: 521325
-------------------

------[GEAR]------
..2
.*.
..4

PN1 = 281
PN2 = 477

ratio: 134037
-------------------

------[GEAR]------
...
.*.
1.8

PN1 = 251
PN2 = 858

ratio: 215358
-------------------

------[GEAR]------
635
.*.
9..

PN1 = 635
PN2 = 499

ratio: 316865
-------------------

------[GEAR]------
..8
.*.
..1

PN1 = 828
PN2 = 170

ratio: 140760
-------------------

------[GEAR]------
.97
.*.
..7

PN1 = 977
PN2 = 749

ratio: 731773
-------------------

------[GEAR]------
.39
.*.
162

PN1 = 394
PN2 = 162

ratio: 63828
-------------------

------[GEAR]------
56.
.*.
32.

PN1 = 56
PN2 = 332

ratio: 18592
-------------------

------[GEAR]------
545
.*.
.85

PN1 = 545
PN2 = 859

ratio: 468155
-------------------

------[GEAR]------
35.
.*.
..3

PN1 = 35
PN2 = 393

ratio: 13755
-------------------

------[GEAR]------
...
.*.
2.3

PN1 = 642
PN2 = 394

ratio: 252948
-------------------

------[GEAR]------
..7
.*.
2..

PN1 = 717
PN2 = 302

ratio: 216534
-------------------

------[GEAR]------
..3
.*.
674

PN1 = 32
PN2 = 674

ratio: 21568
-------------------

------[GEAR]------
...
.*.
04.

ratio: 504
-------------------

------[GEAR]------
.95
.*.
..8

PN1 = 951
PN2 = 803

ratio: 763653
-------------------

------[GEAR]------
23.
.*.
1..

PN1 = 823
PN2 = 831

ratio: 683913
-------------------

------[GEAR]------
..3
.*.
...

ratio: 358
-------------------

------[GEAR]------
03.
.*.
.47

PN1 = 603
PN2 = 476

ratio: 287028
-------------------

------[GEAR]------
.51
.*.
..9

PN1 = 515
PN2 = 9

ratio: 4635
-------------------

------[GEAR]------
.91
.*.
.73

PN1 = 917
PN2 = 738

ratio: 676746
-------------------

------[GEAR]------
..1
.*.
268

PN1 = 195
PN2 = 268

ratio: 52260
-------------------

------[GEAR]------
48.
.*.
3..

PN1 = 448
PN2 = 523

ratio: 234304
-------------------

------[GEAR]------
519
.*.
459

PN1 = 519
PN2 = 459

ratio: 238221
-------------------

------[GEAR]------
870
.*.
.88

PN1 = 870
PN2 = 887

ratio: 771690
-------------------

------[GEAR]------
...
.*.
7.6

PN1 = 77
PN2 = 648

ratio: 49896
-------------------

------[GEAR]------
..5
5*.

PN1 = 581
PN2 = 555
...

ratio: 322455
-------------------

------[GEAR]------
...
8*.
..6

PN1 = 88
PN2 = 672

ratio: 59136
-------------------

------[GEAR]------
6..
.*.
.53

PN1 = 676
PN2 = 530

ratio: 358280
-------------------

------[GEAR]------
..2
.*.
821

PN1 = 26
PN2 = 821

ratio: 21346
-------------------

------[GEAR]------
53.
.*.
14.

PN1 = 953
PN2 = 614

ratio: 585142
-------------------

------[GEAR]------
6..
.*.
...

ratio: 756
-------------------

------[GEAR]------
33.
.*.
13.

PN1 = 433
PN2 = 613

ratio: 265429
-------------------

------[GEAR]------
..7
1*.

PN1 = 727
PN2 = 961
...

ratio: 698647
-------------------

------[GEAR]------
...
.*3
...

ratio: 339
-------------------

------[GEAR]------
259
.*.
383

PN1 = 259
PN2 = 383

ratio: 99197
-------------------

------[GEAR]------
1..
.*.
..1

PN1 = 851
PN2 = 124

ratio: 105524
-------------------

------[GEAR]------
...
.*.
15.

ratio: 215
-------------------

------[GEAR]------
9..
.*7

PN1 = 149
PN2 = 737
...

ratio: 109813
-------------------

------[GEAR]------
...
5*4

PN1 = 15
PN2 = 445
...

ratio: 6675
-------------------

------[GEAR]------
...
5*7

PN1 = 595
PN2 = 7
...

ratio: 4165
-------------------

------[GEAR]------
70.
.*.
90.

PN1 = 670
PN2 = 890

ratio: 596300
-------------------

------[GEAR]------
..1
.*.
..9

PN1 = 105
PN2 = 975

ratio: 102375
-------------------

------[GEAR]------
...
.*.
2.5

PN1 = 252
PN2 = 576

ratio: 145152
-------------------

------[GEAR]------
.44
.*.
8..

PN1 = 447
PN2 = 78

ratio: 34866
-------------------

------[GEAR]------
562
.*.
95.

PN1 = 562
PN2 = 695

ratio: 390590
-------------------

------[GEAR]------
.83
.*.
..5

PN1 = 839
PN2 = 598

ratio: 501722
-------------------

------[GEAR]------
1..
.*.
52.

PN1 = 781
PN2 = 152

ratio: 118712
-------------------

------[GEAR]------
.47
.*.
..9

PN1 = 475
PN2 = 968

ratio: 459800
-------------------

------[GEAR]------
...
2*.
..1

PN1 = 412
PN2 = 101

ratio: 41612
-------------------

------[GEAR]------
320
.*.
356

PN1 = 320
PN2 = 356

ratio: 113920
-------------------

------[GEAR]------
..6
.*.
..2

PN1 = 601
PN2 = 240

ratio: 144240
-------------------

------[GEAR]------
8..
.*.
683

PN1 = 738
PN2 = 683

ratio: 504054
-------------------

------[GEAR]------
...
0*.
..3

PN1 = 610
PN2 = 326

ratio: 198860
-------------------

------[GEAR]------
..4
3*.

PN1 = 476
PN2 = 633
...

ratio: 301308
-------------------

------[GEAR]------
638
.*.
4..

PN1 = 638
PN2 = 94

ratio: 59972
-------------------

------[GEAR]------
01.
.*.
57.

PN1 = 601
PN2 = 957

ratio: 575157
-------------------

------[GEAR]------
..8
.*.
96.

PN1 = 806
PN2 = 96

ratio: 77376
-------------------

------[GEAR]------
.37
.*.
...

ratio: 376
-------------------

------[GEAR]------
194
.*.
187

PN1 = 194
PN2 = 187

ratio: 36278
-------------------

------[GEAR]------
...
.*.
6.4

PN1 = 356
PN2 = 441

ratio: 156996
-------------------

------[GEAR]------
68.
.*.
01.

PN1 = 368
PN2 = 201

ratio: 73968
-------------------

------[GEAR]------
..3
.*.
696

PN1 = 304
PN2 = 696

ratio: 211584
-------------------

------[GEAR]------
.94
.*.
49.

PN1 = 947
PN2 = 449

ratio: 425203
-------------------

------[GEAR]------
371
.*.
...

ratio: 371
-------------------

------[GEAR]------
...
.*.
4.3

PN1 = 574
PN2 = 322

ratio: 184828
-------------------

------[GEAR]------
5..
.*.
..9

PN1 = 75
PN2 = 937

ratio: 70275
-------------------

------[GEAR]------
...
8*.
..4

PN1 = 758
PN2 = 40

ratio: 30320
-------------------

------[GEAR]------
...
.*.
.40

ratio: 400
-------------------

------[GEAR]------
...
.*.
9..

ratio: 49
-------------------

------[GEAR]------
.67
.*.
..8

PN1 = 670
PN2 = 82

ratio: 54940
-------------------

------[GEAR]------
426
.*.
..8

PN1 = 426
PN2 = 842

ratio: 358692
-------------------

------[GEAR]------
14.
.*.
7..

PN1 = 314
PN2 = 817

ratio: 256538
-------------------

------[GEAR]------
..5
9*.

PN1 = 58
PN2 = 559
...

ratio: 32422
-------------------

------[GEAR]------
...
.*.
2.2

PN1 = 622
PN2 = 235

ratio: 146170
-------------------

------[GEAR]------
918
.*.
.45

PN1 = 918
PN2 = 455

ratio: 417690
-------------------

------[GEAR]------
95.
.*.
..2

PN1 = 195
PN2 = 21

ratio: 4095
-------------------

------[GEAR]------
..5
9*.

PN1 = 527
PN2 = 869
...

ratio: 457963
-------------------

------[GEAR]------
...
2*.
..4

PN1 = 922
PN2 = 465

ratio: 428730
-------------------

------[GEAR]------
...
5*6

PN1 = 125
PN2 = 610
...

ratio: 76250
-------------------

------[GEAR]------
...
.*4
7..

PN1 = 459
PN2 = 47

ratio: 21573
-------------------

------[GEAR]------
964
.*.
..4

PN1 = 964
PN2 = 499

ratio: 481036
-------------------

------[GEAR]------
...
2*.
..5

PN1 = 732
PN2 = 581

ratio: 425292
-------------------

------[GEAR]------
...
.*.
6.7

PN1 = 726
PN2 = 78

ratio: 56628
-------------------

------[GEAR]------
..5
.*.
5..

PN1 = 51
PN2 = 935

ratio: 47685
-------------------

------[GEAR]------
...
0*2

PN1 = 720
PN2 = 263
...

ratio: 189360
-------------------

------[GEAR]------
.85
.*.
74.

PN1 = 853
PN2 = 874

ratio: 745522
-------------------

------[GEAR]------
...
3*8

PN1 = 623
PN2 = 891
...

ratio: 555093
-------------------

------[GEAR]------
572
.*.
.92

PN1 = 572
PN2 = 923

ratio: 527956
-------------------

------[GEAR]------
787
.*.
444

PN1 = 787
PN2 = 444

ratio: 349428
-------------------

------[GEAR]------
..5
.*.
60.

PN1 = 515
PN2 = 960

ratio: 494400
-------------------

------[GEAR]------
...
0*.
...

ratio: 330
-------------------

------[GEAR]------
915
.*.
.34

PN1 = 915
PN2 = 349

ratio: 319335
-------------------

------[GEAR]------
5..
.*4

PN1 = 395
PN2 = 416
...

ratio: 164320
-------------------

------[GEAR]------
..8
.*.
2..

PN1 = 823
PN2 = 542

ratio: 446066
-------------------

------[GEAR]------
41.
.*.
53.

PN1 = 341
PN2 = 853

ratio: 290873
-------------------

------[GEAR]------
5..
.*.
..1

PN1 = 295
PN2 = 132

ratio: 38940
-------------------

------[GEAR]------
...
.*.
791

ratio: 791
-------------------

------[GEAR]------
99.
.*.
933

PN1 = 399
PN2 = 933

ratio: 372267
-------------------

------[GEAR]------
..2
.*.
..4

PN1 = 233
PN2 = 438

ratio: 102054
-------------------

------[GEAR]------
...
4*.
..4

PN1 = 884
PN2 = 424

ratio: 374816
-------------------

------[GEAR]------
...
.*2
...

ratio: 292
-------------------

------[GEAR]------
..8
.*.
..1

PN1 = 857
PN2 = 192

ratio: 164544
-------------------

------[GEAR]------
416
.*.
2..

PN1 = 416
PN2 = 412

ratio: 171392
-------------------

------[GEAR]------
84.
.*.
..8

PN1 = 484
PN2 = 859

ratio: 415756
-------------------

------[GEAR]------
49.
.*.
16.

PN1 = 549
PN2 = 816

ratio: 447984
-------------------

------[GEAR]------
...
.*.
6.3

PN1 = 106
PN2 = 391

ratio: 41446
-------------------

------[GEAR]------
..2
.*.
...

ratio: 24
-------------------

------[GEAR]------
..7
8*.

PN1 = 767
PN2 = 138
...

ratio: 105846
-------------------

------[GEAR]------
46.
.*.
856

PN1 = 546
PN2 = 856

ratio: 467376
-------------------

------[GEAR]------
6.5

PN1 = 66
PN2 = 576
.*.
...

ratio: 38016
-------------------

------[GEAR]------
47.
.*.
373

PN1 = 447
PN2 = 373

ratio: 166731
-------------------

------[GEAR]------
...
7*3

PN1 = 627
PN2 = 308
...

ratio: 193116
-------------------

------[GEAR]------
...
.*.
2.2

PN1 = 642
PN2 = 202

ratio: 129684
-------------------

------[GEAR]------
.67
.*.
..6

PN1 = 673
PN2 = 65

ratio: 43745
-------------------

------[GEAR]------
.69
.*.
..5

PN1 = 696
PN2 = 504

ratio: 350784
-------------------

------[GEAR]------
.65
.*.
..3

PN1 = 658
PN2 = 339

ratio: 223062
-------------------

------[GEAR]------
...
.*.
.76

ratio: 764
-------------------

------[GEAR]------
.48
.*.
...

ratio: 489
-------------------

------[GEAR]------
..1
.*.
40.

PN1 = 174
PN2 = 540

ratio: 93960
-------------------

------[GEAR]------
6..
.*8

PN1 = 676
PN2 = 822
...

ratio: 555672
-------------------

------[GEAR]------
32.
.*.
8..

PN1 = 332
PN2 = 308

ratio: 102256
-------------------

------[GEAR]------
.35
.*.
42.

PN1 = 350
PN2 = 942

ratio: 329700
-------------------

------[GEAR]------
...
.*.
66.

ratio: 166
-------------------

------[GEAR]------
58.
.*.
253

PN1 = 358
PN2 = 253

ratio: 90574
-------------------

------[GEAR]------
95.
.*.
65.

PN1 = 895
PN2 = 865

ratio: 774175
-------------------

------[GEAR]------
...
.*.
.55

ratio: 550
-------------------

------[GEAR]------
7..
.*.
912

PN1 = 897
PN2 = 912

ratio: 818064
-------------------

------[GEAR]------
48.
.*.
5..

PN1 = 748
PN2 = 605

ratio: 452540
-------------------

------[GEAR]------
9.2

PN1 = 249
PN2 = 24
.*.
...

ratio: 5976
-------------------

------[GEAR]------
..1
3*.

PN1 = 194
PN2 = 573
...

ratio: 111162
-------------------

------[GEAR]------
658
.*.
2..

PN1 = 658
PN2 = 572

ratio: 376376
-------------------

------[GEAR]------
907
.*.
...

ratio: 907
-------------------

------[GEAR]------
40.
.*.
.92

PN1 = 240
PN2 = 929

ratio: 222960
-------------------

------[GEAR]------
6..
.*.
57.

PN1 = 646
PN2 = 257

ratio: 166022
-------------------

------[GEAR]------
.14
.*.
..6

PN1 = 148
PN2 = 677

ratio: 100196
-------------------

------[GEAR]------
...
.*.
.18

ratio: 182
-------------------

------[GEAR]------
2.3

PN1 = 602
PN2 = 321
.*.
...

ratio: 193242
-------------------

------[GEAR]------
8..
.*.
.98

PN1 = 808
PN2 = 987

ratio: 797496
-------------------

------[GEAR]------
...
2*.
..2

PN1 = 2
PN2 = 296

ratio: 592
-------------------

------[GEAR]------
3..
.*.
.66

PN1 = 903
PN2 = 669

ratio: 604107
-------------------

------[GEAR]------
588
.*.
.63

PN1 = 588
PN2 = 630

ratio: 370440
-------------------

------[GEAR]------
490
.*.
557

PN1 = 490
PN2 = 557

ratio: 272930
-------------------

------[GEAR]------
3.8

PN1 = 493
PN2 = 868
.*.
...

ratio: 427924
-------------------

------[GEAR]------
.80
.*.
690

PN1 = 805
PN2 = 690

ratio: 555450
-------------------

------[GEAR]------
89.
.*.
997

PN1 = 89
PN2 = 997

ratio: 88733
-------------------

------[GEAR]------
0..
.*3

PN1 = 640
PN2 = 34
...

ratio: 21760
-------------------

------[GEAR]------
.58
.*.
.94

PN1 = 582
PN2 = 948

ratio: 551736
-------------------

------[GEAR]------
...
.*7
7..

PN1 = 796
PN2 = 67

ratio: 53332
-------------------

------[GEAR]------
.26
.*.
58.

PN1 = 265
PN2 = 58

ratio: 15370
-------------------

------[GEAR]------
..9
.*.
..8

PN1 = 916
PN2 = 853

ratio: 781348
-------------------

------[GEAR]------
9..
.*.
..4

PN1 = 849
PN2 = 476

ratio: 404124
-------------------

------[GEAR]------
7..
.*.
..4

PN1 = 217
PN2 = 435

ratio: 94395
-------------------

------[GEAR]------
355
.*.
469

PN1 = 355
PN2 = 469

ratio: 166495
-------------------

------[GEAR]------
..6
.*.
.52

PN1 = 636
PN2 = 522

ratio: 331992
-------------------

------[GEAR]------
.13
.*.
39.

PN1 = 131
PN2 = 939

ratio: 123009
-------------------

------[GEAR]------
...
9*.
...

ratio: 39
-------------------

------[GEAR]------
700
.*.
4..

PN1 = 700
PN2 = 864

ratio: 604800
-------------------

------[GEAR]------
6..
.*.
7..

PN1 = 16
PN2 = 337

ratio: 5392
-------------------

------[GEAR]------
...
.*8
3..

PN1 = 869
PN2 = 983

ratio: 854227
-------------------

------[GEAR]------
..4
4*.

PN1 = 413
PN2 = 104
...

ratio: 42952
-------------------

------[GEAR]------
...
0*.
..7

PN1 = 100
PN2 = 741

ratio: 74100
-------------------

------[GEAR]------
..4
1*.

PN1 = 42
PN2 = 461
...

ratio: 19362
-------------------

------[GEAR]------
...
.*6
1..

PN1 = 685
PN2 = 381

ratio: 260985
-------------------

------[GEAR]------
.80
.*.
12.

PN1 = 806
PN2 = 712

ratio: 573872
-------------------

------[GEAR]------
..3
.*.
74.

PN1 = 386
PN2 = 374

ratio: 144364
-------------------

------[GEAR]------
...
.*.
6.2

PN1 = 276
PN2 = 230

ratio: 63480
-------------------

------[GEAR]------
.27
.*.
740

PN1 = 270
PN2 = 740

ratio: 199800
-------------------

------[GEAR]------
7..
.*.
46.

PN1 = 207
PN2 = 46

ratio: 9522
-------------------

------[GEAR]------
...
.*.
31.

ratio: 531
-------------------

------[GEAR]------
..9
5*.

PN1 = 979
PN2 = 755
...

ratio: 739145
-------------------

------[GEAR]------
5..
.*4

PN1 = 485
PN2 = 466
...

ratio: 226010
-------------------

------[GEAR]------
.7.
.*.
791

PN1 = 7
PN2 = 791

ratio: 5537
-------------------

------[GEAR]------
39.
.*.
6..

PN1 = 339
PN2 = 76

ratio: 25764
-------------------

------[GEAR]------
972
.*.
..7

PN1 = 972
PN2 = 749

ratio: 728028
-------------------

------[GEAR]------
...
.*4
...

ratio: 48
-------------------

------[GEAR]------
43.
.*.
.96

PN1 = 243
PN2 = 964

ratio: 234252
-------------------

------[GEAR]------
757
.*.
..4

PN1 = 757
PN2 = 413

ratio: 312641
-------------------

------[GEAR]------
64.
.*.
.9.

PN1 = 364
PN2 = 9

ratio: 3276
-------------------

------[GEAR]------
870
.*.
791

PN1 = 870
PN2 = 791

ratio: 688170
-------------------

------[GEAR]------
71.
.*.
..7

PN1 = 571
PN2 = 729

ratio: 416259
-------------------

------[GEAR]------
.20
.*.
5..

PN1 = 201
PN2 = 65

ratio: 13065
-------------------

------[GEAR]------
2..
.*5

PN1 = 752
PN2 = 502
...

ratio: 377504
-------------------

------[GEAR]------
.47
.*.
..3

PN1 = 470
PN2 = 307

ratio: 144290
-------------------

------[GEAR]------
52.
.*.
32.

PN1 = 452
PN2 = 332

ratio: 150064
-------------------

------[GEAR]------
..6
.*.
.47

PN1 = 687
PN2 = 472

ratio: 324264
-------------------

------[GEAR]------
.57
.*.
.75

PN1 = 573
PN2 = 754

ratio: 432042
-------------------

------[GEAR]------
197
.*.
3..

PN1 = 197
PN2 = 713

ratio: 140461
-------------------

------[GEAR]------
798
.*.
622

PN1 = 798
PN2 = 622

ratio: 496356
-------------------

------[GEAR]------
...
1*3

PN1 = 861
PN2 = 399
...

ratio: 343539
-------------------

------[GEAR]------
200
.*.
.96

PN1 = 200
PN2 = 967

ratio: 193400
-------------------

------[GEAR]------
73.
.*.
..2

PN1 = 473
PN2 = 260

ratio: 122980
-------------------

------[GEAR]------
0..
.*.
5..

PN1 = 820
PN2 = 935

ratio: 766700
-------------------

------[GEAR]------
.65
.*.
5..

PN1 = 65
PN2 = 815

ratio: 52975
-------------------

------[GEAR]------
...
.*.
8.6

PN1 = 58
PN2 = 689

ratio: 39962
-------------------

------[GEAR]------
218
.*.
.28

PN1 = 218
PN2 = 284

ratio: 61912
-------------------

------[GEAR]------
.93
.*.
97.

PN1 = 933
PN2 = 697

ratio: 650301
-------------------

------[GEAR]------
...
.*.
6.2

PN1 = 466
PN2 = 239

ratio: 111374
-------------------

------[GEAR]------
132
.*.
..4

PN1 = 132
PN2 = 489

ratio: 64548
-------------------

------[GEAR]------
...
4*1

PN1 = 414
PN2 = 164
...

ratio: 67896
-------------------

------[GEAR]------
..1
.*.
.72

PN1 = 159
PN2 = 723

ratio: 114957
-------------------

------[GEAR]------
388
.*.
...

ratio: 388
-------------------

------[GEAR]------
..7
.*.
.13

PN1 = 770
PN2 = 132

ratio: 101640
-------------------

------[GEAR]------
...
.*.
.50

ratio: 509
-------------------

------[GEAR]------
705
.*.
.77

PN1 = 705
PN2 = 776

ratio: 547080
-------------------

------[GEAR]------
32.
.*.
58.

PN1 = 332
PN2 = 758

ratio: 251656
-------------------

------[GEAR]------
...
.*.
9..

ratio: 979
-------------------

------[GEAR]------
8..
.*.
53.

PN1 = 288
PN2 = 353

ratio: 101664
-------------------

------[GEAR]------
..9
.*.
329

PN1 = 972
PN2 = 329

ratio: 319788
-------------------

------[GEAR]------
...
.*1
...

ratio: 115
-------------------

------[GEAR]------
.26
.*.
..5

PN1 = 267
PN2 = 52

ratio: 13884
-------------------

------[GEAR]------
7..
.*.
9..

PN1 = 367
PN2 = 459

ratio: 168453
-------------------

------[GEAR]------
.79
.*.
510

PN1 = 790
PN2 = 510

ratio: 402900
-------------------

------[GEAR]------
.46
.*.
..2

PN1 = 466
PN2 = 207

ratio: 96462
-------------------

------[GEAR]------
.8.
.*.
78.

PN1 = 8
PN2 = 978

ratio: 7824
-------------------

------[GEAR]------
712
.*.
725

PN1 = 712
PN2 = 725

ratio: 516200
-------------------

------[GEAR]------
170
.*.
269

PN1 = 170
PN2 = 269

ratio: 45730
-------------------

------[GEAR]------
...
9*8

PN1 = 9
PN2 = 815
...

ratio: 7335
-------------------

------[GEAR]------
.81
.*.
.89

PN1 = 813
PN2 = 890

ratio: 723570
-------------------

------[GEAR]------
...
7*2

PN1 = 217
PN2 = 216
...

ratio: 46872
-------------------

------[GEAR]------
5..
.*.
121

PN1 = 195
PN2 = 121

ratio: 23595
-------------------

------[GEAR]------
534
.*.
..4

PN1 = 534
PN2 = 460

ratio: 245640
-------------------

------[GEAR]------
39.
.*.
03.

PN1 = 339
PN2 = 503

ratio: 170517
-------------------

------[GEAR]------
34.
.*.
..1

PN1 = 134
PN2 = 103

ratio: 13802
-------------------

------[GEAR]------
276
.*.
190

PN1 = 276
PN2 = 190

ratio: 52440
-------------------

------[GEAR]------
...
.*8
2..

PN1 = 853
PN2 = 982

ratio: 837646
-------------------

------[GEAR]------
9..
.*.
209

PN1 = 79
PN2 = 209

ratio: 16511
-------------------

------[GEAR]------
..2
.*.
0..

PN1 = 22
PN2 = 350

ratio: 7700
-------------------

------[GEAR]------
38.
.*.
.3.

PN1 = 38
PN2 = 3

ratio: 114
-------------------

------[GEAR]------
...
5*.
..8

PN1 = 25
PN2 = 846

ratio: 21150
-------------------

------[GEAR]------
..6
.*.
729

PN1 = 619
PN2 = 729

ratio: 451251
-------------------

------[GEAR]------
65.
.*.
769

PN1 = 465
PN2 = 769

ratio: 357585
-------------------

------[GEAR]------
.94
.*.
..7

PN1 = 949
PN2 = 788

ratio: 747812
-------------------

------[GEAR]------
...
.*1
8..

PN1 = 121
PN2 = 488

ratio: 59048
-------------------

------[GEAR]------
..7
.*.
1..

PN1 = 713
PN2 = 851

ratio: 606763
-------------------

------[GEAR]------
4..
.*.
...

ratio: 734
-------------------

------[GEAR]------
62.
.*.
..4

PN1 = 262
PN2 = 487

ratio: 127594
-------------------

------[GEAR]------
...
.*.
7..

ratio: 317
-------------------

------[GEAR]------
.81
.*.
6..

PN1 = 811
PN2 = 206

ratio: 167066
-------------------

------[GEAR]------
...
.*.
7.1

PN1 = 957
PN2 = 184

ratio: 176088
-------------------

------[GEAR]------
528
.*.
23.

PN1 = 528
PN2 = 823

ratio: 434544
-------------------

------[GEAR]------
...
5*.
..7

PN1 = 475
PN2 = 716

ratio: 340100
-------------------

------[GEAR]------
130
.*.
..2

PN1 = 130
PN2 = 247

ratio: 32110
-------------------

------[GEAR]------
51.
.*.
97.

PN1 = 251
PN2 = 697

ratio: 174947
-------------------

------[GEAR]------
.39
.*.
..2

PN1 = 391
PN2 = 277

ratio: 108307
-------------------

------[GEAR]------
7..
.*.
.35

PN1 = 347
PN2 = 353

ratio: 122491
-------------------

------[GEAR]------
95.
.*.
..7

PN1 = 795
PN2 = 719

ratio: 571605
-------------------

------[GEAR]------
.72
.*.
46.

PN1 = 722
PN2 = 846

ratio: 610812
-------------------

------[GEAR]------
666
.*.
.37

PN1 = 666
PN2 = 37

ratio: 24642
-------------------

------[GEAR]------
...
8*.
..9

PN1 = 98
PN2 = 91

ratio: 8918
-------------------

------[GEAR]------
..5
.*.
6..

PN1 = 592
PN2 = 266

ratio: 157472
-------------------

------[GEAR]------
.24
.*.
.45

PN1 = 245
PN2 = 45

ratio: 11025
-------------------

------[GEAR]------
01.
.*.
74.

PN1 = 601
PN2 = 574

ratio: 344974
-------------------

------[GEAR]------
519
.*.
92.

PN1 = 519
PN2 = 192

ratio: 99648
-------------------

------[GEAR]------
.72
.*.
83.

PN1 = 720
PN2 = 383

ratio: 275760
-------------------

------[GEAR]------
...
9*8

PN1 = 79
PN2 = 888
...

ratio: 70152
-------------------

------[GEAR]------
...
0*4

PN1 = 250
PN2 = 461
...

ratio: 115250
-------------------

------[GEAR]------
..8
.*.
..7

PN1 = 834
PN2 = 764

ratio: 637176
-------------------

------[GEAR]------
...
3*.
..8

PN1 = 3
PN2 = 827

ratio: 2481
-------------------

result = 80694070
